<?xml version="1.0" encoding="UTF-8"?>
<!-- Generated by org.testng.reporters.JUnitReportReporter -->
<testsuite hostname="Dell-C193V93" failures="0" tests="1" name="Framewrk.day2" time="0.005" errors="0" timestamp="2024-07-19T21:02:10 IST" skipped="0">
  <testcase classname="Framewrk.day2" name="ploan" time="0.005"/>
</testsuite> <!-- Framewrk.day2 -->
