<?xml version="1.0" encoding="UTF-8"?>
<!-- Generated by org.testng.reporters.JUnitReportReporter -->
<testsuite hostname="Dell-C193V93" failures="0" tests="2" name="Framewrk.day4" time="0.002" errors="0" timestamp="2024-07-19T21:44:53 IST" skipped="0">
  <testcase classname="Framewrk.day4" name="webloginHomeLoan" time="0.001"/>
  <testcase classname="Framewrk.day4" name="loginAPIHomeLoan" time="0.001"/>
</testsuite> <!-- Framewrk.day4 -->
