<?xml version="1.0" encoding="UTF-8"?>
<!-- Generated by org.testng.reporters.JUnitReportReporter -->
<testsuite hostname="Dell-C193V93" failures="0" tests="6" name="Framewrk.day3" time="0.013" errors="0" timestamp="2024-07-19T21:44:53 IST" skipped="1">
  <testcase classname="Framewrk.day3" name="MobileSignoutcarLoan" time="0.003"/>
  <testcase classname="Framewrk.day3" name="MobileSignoutcarLoan" time="0.004"/>
  <testcase classname="Framewrk.day3" name="webloginCarLoan" time="0.002"/>
  <testcase classname="Framewrk.day3" name="APIcarLoan" time="0.003"/>
  <testcase classname="Framewrk.day3" name="MobileSignoutcarLoan" time="0.001"/>
  <testcase classname="Framewrk.day3" name="MobileSignincarLoan">
    <skipped/>
  </testcase> <!-- MobileSignincarLoan -->
</testsuite> <!-- Framewrk.day3 -->
