<?xml version="1.0" encoding="UTF-8"?>
<!-- Generated by org.testng.reporters.JUnitReportReporter -->
<testsuite hostname="Dell-C193V93" failures="0" tests="2" name="Framewrk.day1" time="0.003" errors="0" timestamp="2024-07-19T21:44:53 IST" skipped="0">
  <testcase classname="Framewrk.day1" name="SecondTest" time="0.000"/>
  <testcase classname="Framewrk.day1" name="Demo" time="0.003"/>
</testsuite> <!-- Framewrk.day1 -->
